############################2014年12月24日######################################
id  标题 简介 图片  标签类型

manage_tag
tagId	   标签ID
title	   标签名称
tagIntro   标签介绍
tagPic	   标签图片
tagType	   标签类型

manage_tag_type
typeId			类型名
tagTypeName     标签类型名



############################2014年12月25日######################################
############################2014年12月26日######################################
manage_tag   标签
tagId	   标签ID
title	   标签名称
tagIntro   标签介绍
tagPic	   标签图片
tagType	   标签类型
createTime 创建时间
editTime   编辑时间
editor     编辑人

manage_tag_type   标签类型
typeId		类型类型ID
tagTypeName     标签类型名
createTime 	创建时间
editTime   	编辑时间
editor     	编辑人
############################2014年12月27日######################################
############################2014年12月28日######################################
############################2014年12月29日######################################
############################2014年12月30日######################################
############################2014年12月31日######################################
############################2014年01月01日######################################
############################2014年01月02日######################################
############################2014年01月03日######################################
############################2014年01月04日######################################
############################2014年01月05日######################################